Determining if the pthread_create exist failed with the following output:
Change Dir: /home/seoyoung/dev/openface/distro/build/CMakeFiles/CMakeTmp

Run Build Command:"/usr/bin/make" "cmTC_f123a/fast"
/usr/bin/make -f CMakeFiles/cmTC_f123a.dir/build.make CMakeFiles/cmTC_f123a.dir/build
make[1]: 디렉터리 '/home/seoyoung/dev/openface/distro/build/CMakeFiles/CMakeTmp' 들어감
Building C object CMakeFiles/cmTC_f123a.dir/CheckSymbolExists.c.o
/usr/bin/cc     -o CMakeFiles/cmTC_f123a.dir/CheckSymbolExists.c.o   -c /home/seoyoung/dev/openface/distro/build/CMakeFiles/CMakeTmp/CheckSymbolExists.c
Linking C executable cmTC_f123a
/usr/bin/cmake -E cmake_link_script CMakeFiles/cmTC_f123a.dir/link.txt --verbose=1
/usr/bin/cc       CMakeFiles/cmTC_f123a.dir/CheckSymbolExists.c.o  -o cmTC_f123a -rdynamic /usr/lib/x86_64-linux-gnu/libdl.so 
CMakeFiles/cmTC_f123a.dir/CheckSymbolExists.c.o: In function `main':
CheckSymbolExists.c:(.text+0x16): undefined reference to `pthread_create'
collect2: error: ld returned 1 exit status
CMakeFiles/cmTC_f123a.dir/build.make:98: 'cmTC_f123a' 타겟에 대한 명령이 실패했습니다
make[1]: *** [cmTC_f123a] 오류 1
make[1]: 디렉터리 '/home/seoyoung/dev/openface/distro/build/CMakeFiles/CMakeTmp' 나감
Makefile:126: 'cmTC_f123a/fast' 타겟에 대한 명령이 실패했습니다
make: *** [cmTC_f123a/fast] 오류 2

File /home/seoyoung/dev/openface/distro/build/CMakeFiles/CMakeTmp/CheckSymbolExists.c:
/* */
#include <pthread.h>

int main(int argc, char** argv)
{
  (void)argv;
#ifndef pthread_create
  return ((int*)(&pthread_create))[argc];
#else
  (void)argc;
  return 0;
#endif
}

Determining if the function pthread_create exists in the pthreads failed with the following output:
Change Dir: /home/seoyoung/dev/openface/distro/build/CMakeFiles/CMakeTmp

Run Build Command:"/usr/bin/make" "cmTC_720b7/fast"
/usr/bin/make -f CMakeFiles/cmTC_720b7.dir/build.make CMakeFiles/cmTC_720b7.dir/build
make[1]: 디렉터리 '/home/seoyoung/dev/openface/distro/build/CMakeFiles/CMakeTmp' 들어감
Building C object CMakeFiles/cmTC_720b7.dir/CheckFunctionExists.c.o
/usr/bin/cc    -DCHECK_FUNCTION_EXISTS=pthread_create   -o CMakeFiles/cmTC_720b7.dir/CheckFunctionExists.c.o   -c /usr/share/cmake-3.5/Modules/CheckFunctionExists.c
Linking C executable cmTC_720b7
/usr/bin/cmake -E cmake_link_script CMakeFiles/cmTC_720b7.dir/link.txt --verbose=1
/usr/bin/cc   -DCHECK_FUNCTION_EXISTS=pthread_create    CMakeFiles/cmTC_720b7.dir/CheckFunctionExists.c.o  -o cmTC_720b7 -rdynamic -lpthreads /usr/lib/x86_64-linux-gnu/libdl.so 
/usr/bin/ld: cannot find -lpthreads
collect2: error: ld returned 1 exit status
CMakeFiles/cmTC_720b7.dir/build.make:98: 'cmTC_720b7' 타겟에 대한 명령이 실패했습니다
make[1]: *** [cmTC_720b7] 오류 1
make[1]: 디렉터리 '/home/seoyoung/dev/openface/distro/build/CMakeFiles/CMakeTmp' 나감
Makefile:126: 'cmTC_720b7/fast' 타겟에 대한 명령이 실패했습니다
make: *** [cmTC_720b7/fast] 오류 2


Performing C SOURCE FILE Test LJ_DUALNUM_1 failed with the following output:
Change Dir: /home/seoyoung/dev/openface/distro/build/CMakeFiles/CMakeTmp

Run Build Command:"/usr/bin/make" "cmTC_3a187/fast"
/usr/bin/make -f CMakeFiles/cmTC_3a187.dir/build.make CMakeFiles/cmTC_3a187.dir/build
make[1]: 디렉터리 '/home/seoyoung/dev/openface/distro/build/CMakeFiles/CMakeTmp' 들어감
Building C object CMakeFiles/cmTC_3a187.dir/src.c.o
/usr/bin/cc   -I/home/seoyoung/dev/openface/distro/build/exe/luajit-rocks/luajit-2.1 -I/home/seoyoung/dev/openface/distro/exe/luajit-rocks/luajit-2.1/src  -DLJ_DUALNUM_1   -o CMakeFiles/cmTC_3a187.dir/src.c.o   -c /home/seoyoung/dev/openface/distro/build/CMakeFiles/CMakeTmp/src.c
/home/seoyoung/dev/openface/distro/build/CMakeFiles/CMakeTmp/src.c:7:2: error: #error "not defined"
 #error "not defined"
  ^
CMakeFiles/cmTC_3a187.dir/build.make:65: 'CMakeFiles/cmTC_3a187.dir/src.c.o' 타겟에 대한 명령이 실패했습니다
make[1]: *** [CMakeFiles/cmTC_3a187.dir/src.c.o] 오류 1
make[1]: 디렉터리 '/home/seoyoung/dev/openface/distro/build/CMakeFiles/CMakeTmp' 나감
Makefile:126: 'cmTC_3a187/fast' 타겟에 대한 명령이 실패했습니다
make: *** [cmTC_3a187/fast] 오류 2

Source file was:

#undef LJ_DUALNUM
#include "lj_arch.h"
#if LJ_DUALNUM == 1
int main() { return 0; }
#else
#error "not defined"
#endif

Performing C SOURCE FILE Test LJ_ABI_SOFTFP_1 failed with the following output:
Change Dir: /home/seoyoung/dev/openface/distro/build/CMakeFiles/CMakeTmp

Run Build Command:"/usr/bin/make" "cmTC_1636f/fast"
/usr/bin/make -f CMakeFiles/cmTC_1636f.dir/build.make CMakeFiles/cmTC_1636f.dir/build
make[1]: 디렉터리 '/home/seoyoung/dev/openface/distro/build/CMakeFiles/CMakeTmp' 들어감
Building C object CMakeFiles/cmTC_1636f.dir/src.c.o
/usr/bin/cc   -I/home/seoyoung/dev/openface/distro/build/exe/luajit-rocks/luajit-2.1 -I/home/seoyoung/dev/openface/distro/exe/luajit-rocks/luajit-2.1/src  -DLJ_ABI_SOFTFP_1   -o CMakeFiles/cmTC_1636f.dir/src.c.o   -c /home/seoyoung/dev/openface/distro/build/CMakeFiles/CMakeTmp/src.c
/home/seoyoung/dev/openface/distro/build/CMakeFiles/CMakeTmp/src.c:7:2: error: #error "not defined"
 #error "not defined"
  ^
CMakeFiles/cmTC_1636f.dir/build.make:65: 'CMakeFiles/cmTC_1636f.dir/src.c.o' 타겟에 대한 명령이 실패했습니다
make[1]: *** [CMakeFiles/cmTC_1636f.dir/src.c.o] 오류 1
make[1]: 디렉터리 '/home/seoyoung/dev/openface/distro/build/CMakeFiles/CMakeTmp' 나감
Makefile:126: 'cmTC_1636f/fast' 타겟에 대한 명령이 실패했습니다
make: *** [cmTC_1636f/fast] 오류 2

Source file was:

#undef LJ_ABI_SOFTFP
#include "lj_arch.h"
#if LJ_ABI_SOFTFP == 1
int main() { return 0; }
#else
#error "not defined"
#endif

